Arguments: 
  D:\Node\node.exe C:\Program Files (x86)\Yarn\bin\yarn.js add react-navigation

PATH: 
  C:\Windows\system32;C:\Windows;C:\Windows\System32\Wbem;C:\Windows\System32\WindowsPowerShell\v1.0\;C:\Program Files (x86)\NVIDIA Corporation\PhysX\Common;C:\WINDOWS\system32;C:\WINDOWS;C:\WINDOWS\System32\Wbem;C:\WINDOWS\System32\WindowsPowerShell\v1.0\;C:\ProgramData\chocolatey\bin;D:\Node\;C:\Program Files (x86)\Yarn\bin\;C:\Program Files\Git\cmd;C:\WINDOWS\System32\OpenSSH\;C:\Users\Keem\AppData\Local\Microsoft\WindowsApps;C:\Modeltech_pe_edu_10.4a\win32pe_edu;C:\Users\Keem\AppData\Local\Programs\Microsoft VS Code\bin;C:\Users\Keem\AppData\Roaming\npm;C:\Users\Keem\AppData\Local\Yarn\bin;

Yarn version: 
  1.9.4

Node version: 
  10.10.0

Platform: 
  win32 x64

Trace: 
  Error: https://registry.yarnpkg.com/lottie-react-native/-/lottie-react-native-2.5.0.tgz: ESOCKETTIMEDOUT
      at ClientRequest.<anonymous> (C:\Program Files (x86)\Yarn\lib\cli.js:138095:19)
      at Object.onceWrapper (events.js:273:13)
      at ClientRequest.emit (events.js:182:13)
      at TLSSocket.emitRequestTimeout (_http_client.js:661:40)
      at Object.onceWrapper (events.js:273:13)
      at TLSSocket.emit (events.js:182:13)
      at TLSSocket.Socket._onTimeout (net.js:449:8)
      at ontimeout (timers.js:425:11)
      at tryOnTimeout (timers.js:289:5)
      at listOnTimeout (timers.js:252:5)

npm manifest: 
  {
    "name": "empty-project-template",
    "main": "node_modules/expo/AppEntry.js",
    "private": true,
    "scripts": {
      "start": "expo start",
      "android": "expo start --android",
      "ios": "expo start --ios",
      "eject": "expo eject"
    },
    "dependencies": {
      "expo": "^30.0.1",
      "react": "16.3.1",
      "react-native": "https://github.com/expo/react-native/archive/sdk-30.0.0.tar.gz"
    }
  }

yarn manifest: 
  No manifest

Lockfile: 
  No lockfile
